<?xml version="1.0" encoding="UTF-8"?>
<testng-results skipped="0" failed="1" ignored="0" total="11" passed="10">
  <reporter-output>
  </reporter-output>
  <suite name="Suite" duration-ms="218481" started-at="2019-11-28T02:24:00Z" finished-at="2019-11-28T02:27:39Z">
    <groups>
    </groups>
    <test name="TestLoginPage" duration-ms="37686" started-at="2019-11-28T02:24:00Z" finished-at="2019-11-28T02:24:38Z">
      <class name="com.sampledemo.pagefactory.testcase.loginPageTestcase">
        <test-method status="PASS" signature="browserAndHomePagelanding()[pri:0, instance:com.sampledemo.pagefactory.testcase.loginPageTestcase@26653222]" name="browserAndHomePagelanding" is-config="true" duration-ms="8673" started-at="2019-11-28T07:54:00Z" finished-at="2019-11-28T07:54:09Z">
          <reporter-output>
          </reporter-output>
        </test-method> <!-- browserAndHomePagelanding -->
        <test-method status="PASS" signature="validLogin()[pri:1, instance:com.sampledemo.pagefactory.testcase.loginPageTestcase@26653222]" name="validLogin" duration-ms="21718" started-at="2019-11-28T07:54:09Z" finished-at="2019-11-28T07:54:31Z">
          <reporter-output>
          </reporter-output>
        </test-method> <!-- validLogin -->
        <test-method status="PASS" signature="closingBrowserAndUpdateReport(org.testng.ITestResult)[pri:0, instance:com.sampledemo.pagefactory.testcase.loginPageTestcase@26653222]" name="closingBrowserAndUpdateReport" is-config="true" duration-ms="637" started-at="2019-11-28T07:54:31Z" finished-at="2019-11-28T07:54:31Z">
          <params>
            <param index="0">
              <value>
                <![CDATA[[TestResult name=validLogin status=SUCCESS method=loginPageTestcase.validLogin()[pri:1, instance:com.sampledemo.pagefactory.testcase.loginPageTestcase@26653222] output={null}]]]>
              </value>
            </param>
          </params>
          <reporter-output>
          </reporter-output>
        </test-method> <!-- closingBrowserAndUpdateReport -->
        <test-method status="PASS" signature="browserAndHomePagelanding()[pri:0, instance:com.sampledemo.pagefactory.testcase.loginPageTestcase@26653222]" name="browserAndHomePagelanding" is-config="true" duration-ms="5898" started-at="2019-11-28T07:54:31Z" finished-at="2019-11-28T07:54:37Z">
          <reporter-output>
          </reporter-output>
        </test-method> <!-- browserAndHomePagelanding -->
        <test-method status="PASS" signature="dataVerificationinLogin()[pri:2, instance:com.sampledemo.pagefactory.testcase.loginPageTestcase@26653222]" name="dataVerificationinLogin" duration-ms="107" started-at="2019-11-28T07:54:37Z" finished-at="2019-11-28T07:54:37Z">
          <reporter-output>
          </reporter-output>
        </test-method> <!-- dataVerificationinLogin -->
        <test-method status="PASS" signature="closingBrowserAndUpdateReport(org.testng.ITestResult)[pri:0, instance:com.sampledemo.pagefactory.testcase.loginPageTestcase@26653222]" name="closingBrowserAndUpdateReport" is-config="true" duration-ms="628" started-at="2019-11-28T07:54:37Z" finished-at="2019-11-28T07:54:38Z">
          <params>
            <param index="0">
              <value>
                <![CDATA[[TestResult name=dataVerificationinLogin status=SUCCESS method=loginPageTestcase.dataVerificationinLogin()[pri:2, instance:com.sampledemo.pagefactory.testcase.loginPageTestcase@26653222] output={null}]]]>
              </value>
            </param>
          </params>
          <reporter-output>
          </reporter-output>
        </test-method> <!-- closingBrowserAndUpdateReport -->
      </class> <!-- com.sampledemo.pagefactory.testcase.loginPageTestcase -->
    </test> <!-- TestLoginPage -->
    <test name="TestSignOnPage" duration-ms="28879" started-at="2019-11-28T02:24:38Z" finished-at="2019-11-28T02:25:07Z">
      <class name="com.sampledemo.pagefactory.testcase.signOnPageTestcase">
        <test-method status="PASS" signature="browserAndHomePagelanding()[pri:0, instance:com.sampledemo.pagefactory.testcase.signOnPageTestcase@548e7350]" name="browserAndHomePagelanding" is-config="true" duration-ms="5242" started-at="2019-11-28T07:54:38Z" finished-at="2019-11-28T07:54:43Z">
          <reporter-output>
          </reporter-output>
        </test-method> <!-- browserAndHomePagelanding -->
        <test-method status="PASS" signature="navigationOfSignOnPage()[pri:1, instance:com.sampledemo.pagefactory.testcase.signOnPageTestcase@548e7350]" name="navigationOfSignOnPage" duration-ms="923" started-at="2019-11-28T07:54:43Z" finished-at="2019-11-28T07:54:44Z">
          <reporter-output>
          </reporter-output>
        </test-method> <!-- navigationOfSignOnPage -->
        <test-method status="PASS" signature="closingBrowserAndUpdateReport(org.testng.ITestResult)[pri:0, instance:com.sampledemo.pagefactory.testcase.signOnPageTestcase@548e7350]" name="closingBrowserAndUpdateReport" is-config="true" duration-ms="643" started-at="2019-11-28T07:54:44Z" finished-at="2019-11-28T07:54:45Z">
          <params>
            <param index="0">
              <value>
                <![CDATA[[TestResult name=navigationOfSignOnPage status=SUCCESS method=signOnPageTestcase.navigationOfSignOnPage()[pri:1, instance:com.sampledemo.pagefactory.testcase.signOnPageTestcase@548e7350] output={null}]]]>
              </value>
            </param>
          </params>
          <reporter-output>
          </reporter-output>
        </test-method> <!-- closingBrowserAndUpdateReport -->
        <test-method status="PASS" signature="browserAndHomePagelanding()[pri:0, instance:com.sampledemo.pagefactory.testcase.signOnPageTestcase@548e7350]" name="browserAndHomePagelanding" is-config="true" duration-ms="5166" started-at="2019-11-28T07:54:45Z" finished-at="2019-11-28T07:54:50Z">
          <reporter-output>
          </reporter-output>
        </test-method> <!-- browserAndHomePagelanding -->
        <test-method status="PASS" signature="lengthOfTextbox()[pri:2, instance:com.sampledemo.pagefactory.testcase.signOnPageTestcase@548e7350]" name="lengthOfTextbox" duration-ms="1174" started-at="2019-11-28T07:54:50Z" finished-at="2019-11-28T07:54:51Z">
          <reporter-output>
          </reporter-output>
        </test-method> <!-- lengthOfTextbox -->
        <test-method status="PASS" signature="closingBrowserAndUpdateReport(org.testng.ITestResult)[pri:0, instance:com.sampledemo.pagefactory.testcase.signOnPageTestcase@548e7350]" name="closingBrowserAndUpdateReport" is-config="true" duration-ms="746" started-at="2019-11-28T07:54:51Z" finished-at="2019-11-28T07:54:52Z">
          <params>
            <param index="0">
              <value>
                <![CDATA[[TestResult name=lengthOfTextbox status=SUCCESS method=signOnPageTestcase.lengthOfTextbox()[pri:2, instance:com.sampledemo.pagefactory.testcase.signOnPageTestcase@548e7350] output={null}]]]>
              </value>
            </param>
          </params>
          <reporter-output>
          </reporter-output>
        </test-method> <!-- closingBrowserAndUpdateReport -->
        <test-method status="PASS" signature="browserAndHomePagelanding()[pri:0, instance:com.sampledemo.pagefactory.testcase.signOnPageTestcase@548e7350]" name="browserAndHomePagelanding" is-config="true" duration-ms="5190" started-at="2019-11-28T07:54:52Z" finished-at="2019-11-28T07:54:57Z">
          <reporter-output>
          </reporter-output>
        </test-method> <!-- browserAndHomePagelanding -->
        <test-method status="PASS" signature="contentVerification()[pri:3, instance:com.sampledemo.pagefactory.testcase.signOnPageTestcase@548e7350]" name="contentVerification" duration-ms="935" started-at="2019-11-28T07:54:57Z" finished-at="2019-11-28T07:54:58Z">
          <reporter-output>
          </reporter-output>
        </test-method> <!-- contentVerification -->
        <test-method status="PASS" signature="closingBrowserAndUpdateReport(org.testng.ITestResult)[pri:0, instance:com.sampledemo.pagefactory.testcase.signOnPageTestcase@548e7350]" name="closingBrowserAndUpdateReport" is-config="true" duration-ms="769" started-at="2019-11-28T07:54:58Z" finished-at="2019-11-28T07:54:59Z">
          <params>
            <param index="0">
              <value>
                <![CDATA[[TestResult name=contentVerification status=SUCCESS method=signOnPageTestcase.contentVerification()[pri:3, instance:com.sampledemo.pagefactory.testcase.signOnPageTestcase@548e7350] output={null}]]]>
              </value>
            </param>
          </params>
          <reporter-output>
          </reporter-output>
        </test-method> <!-- closingBrowserAndUpdateReport -->
        <test-method status="PASS" signature="browserAndHomePagelanding()[pri:0, instance:com.sampledemo.pagefactory.testcase.signOnPageTestcase@548e7350]" name="browserAndHomePagelanding" is-config="true" duration-ms="6028" started-at="2019-11-28T07:54:59Z" finished-at="2019-11-28T07:55:05Z">
          <reporter-output>
          </reporter-output>
        </test-method> <!-- browserAndHomePagelanding -->
        <test-method status="PASS" signature="formatOfContent()[pri:4, instance:com.sampledemo.pagefactory.testcase.signOnPageTestcase@548e7350]" name="formatOfContent" duration-ms="1154" started-at="2019-11-28T07:55:05Z" finished-at="2019-11-28T07:55:06Z">
          <reporter-output>
          </reporter-output>
        </test-method> <!-- formatOfContent -->
        <test-method status="PASS" signature="closingBrowserAndUpdateReport(org.testng.ITestResult)[pri:0, instance:com.sampledemo.pagefactory.testcase.signOnPageTestcase@548e7350]" name="closingBrowserAndUpdateReport" is-config="true" duration-ms="897" started-at="2019-11-28T07:55:06Z" finished-at="2019-11-28T07:55:07Z">
          <params>
            <param index="0">
              <value>
                <![CDATA[[TestResult name=formatOfContent status=SUCCESS method=signOnPageTestcase.formatOfContent()[pri:4, instance:com.sampledemo.pagefactory.testcase.signOnPageTestcase@548e7350] output={null}]]]>
              </value>
            </param>
          </params>
          <reporter-output>
          </reporter-output>
        </test-method> <!-- closingBrowserAndUpdateReport -->
      </class> <!-- com.sampledemo.pagefactory.testcase.signOnPageTestcase -->
    </test> <!-- TestSignOnPage -->
    <test name="TestRegisterPage" duration-ms="88779" started-at="2019-11-28T02:25:07Z" finished-at="2019-11-28T02:26:36Z">
      <class name="com.sampledemo.pagefactory.testcase.registerPageTestcase">
        <test-method status="PASS" signature="browserAndHomePagelanding()[pri:0, instance:com.sampledemo.pagefactory.testcase.registerPageTestcase@464bee09]" name="browserAndHomePagelanding" is-config="true" duration-ms="5496" started-at="2019-11-28T07:55:08Z" finished-at="2019-11-28T07:55:13Z">
          <reporter-output>
          </reporter-output>
        </test-method> <!-- browserAndHomePagelanding -->
        <test-method status="PASS" signature="registration(java.util.Map)[pri:0, instance:com.sampledemo.pagefactory.testcase.registerPageTestcase@464bee09]" name="registration" duration-ms="19978" started-at="2019-11-28T07:55:13Z" data-provider="data" finished-at="2019-11-28T07:55:33Z">
          <params>
            <param index="0">
              <value>
                <![CDATA[{password=12554, confirmpassword=12554, SNO=1, username=testadmin}]]>
              </value>
            </param>
          </params>
          <reporter-output>
          </reporter-output>
        </test-method> <!-- registration -->
        <test-method status="PASS" signature="closingBrowserAndUpdateReport(org.testng.ITestResult)[pri:0, instance:com.sampledemo.pagefactory.testcase.registerPageTestcase@464bee09]" name="closingBrowserAndUpdateReport" is-config="true" duration-ms="667" started-at="2019-11-28T07:55:33Z" finished-at="2019-11-28T07:55:34Z">
          <params>
            <param index="0">
              <value>
                <![CDATA[[TestResult name=registration status=SUCCESS method=registerPageTestcase.registration(java.util.Map)[pri:0, instance:com.sampledemo.pagefactory.testcase.registerPageTestcase@464bee09] output={null}]]]>
              </value>
            </param>
          </params>
          <reporter-output>
          </reporter-output>
        </test-method> <!-- closingBrowserAndUpdateReport -->
        <test-method status="PASS" signature="browserAndHomePagelanding()[pri:0, instance:com.sampledemo.pagefactory.testcase.registerPageTestcase@464bee09]" name="browserAndHomePagelanding" is-config="true" duration-ms="4940" started-at="2019-11-28T07:55:34Z" finished-at="2019-11-28T07:55:39Z">
          <reporter-output>
          </reporter-output>
        </test-method> <!-- browserAndHomePagelanding -->
        <test-method status="PASS" signature="registration(java.util.Map)[pri:0, instance:com.sampledemo.pagefactory.testcase.registerPageTestcase@464bee09]" name="registration" duration-ms="24923" started-at="2019-11-28T07:55:39Z" data-provider="data" finished-at="2019-11-28T07:56:04Z">
          <params>
            <param index="0">
              <value>
                <![CDATA[{password=testadmin, confirmpassword=testadmin, SNO=2, username=12554}]]>
              </value>
            </param>
          </params>
          <reporter-output>
          </reporter-output>
        </test-method> <!-- registration -->
        <test-method status="PASS" signature="closingBrowserAndUpdateReport(org.testng.ITestResult)[pri:0, instance:com.sampledemo.pagefactory.testcase.registerPageTestcase@464bee09]" name="closingBrowserAndUpdateReport" is-config="true" duration-ms="774" started-at="2019-11-28T07:56:04Z" finished-at="2019-11-28T07:56:05Z">
          <params>
            <param index="0">
              <value>
                <![CDATA[[TestResult name=registration status=SUCCESS method=registerPageTestcase.registration(java.util.Map)[pri:0, instance:com.sampledemo.pagefactory.testcase.registerPageTestcase@464bee09] output={null}]]]>
              </value>
            </param>
          </params>
          <reporter-output>
          </reporter-output>
        </test-method> <!-- closingBrowserAndUpdateReport -->
        <test-method status="PASS" signature="browserAndHomePagelanding()[pri:0, instance:com.sampledemo.pagefactory.testcase.registerPageTestcase@464bee09]" name="browserAndHomePagelanding" is-config="true" duration-ms="5515" started-at="2019-11-28T07:56:05Z" finished-at="2019-11-28T07:56:10Z">
          <reporter-output>
          </reporter-output>
        </test-method> <!-- browserAndHomePagelanding -->
        <test-method status="PASS" signature="registration(java.util.Map)[pri:0, instance:com.sampledemo.pagefactory.testcase.registerPageTestcase@464bee09]" name="registration" duration-ms="25193" started-at="2019-11-28T07:56:10Z" data-provider="data" finished-at="2019-11-28T07:56:35Z">
          <params>
            <param index="0">
              <value>
                <![CDATA[{password=Test123, confirmpassword=Test123, SNO=3, username=Test123}]]>
              </value>
            </param>
          </params>
          <reporter-output>
          </reporter-output>
        </test-method> <!-- registration -->
        <test-method status="PASS" signature="closingBrowserAndUpdateReport(org.testng.ITestResult)[pri:0, instance:com.sampledemo.pagefactory.testcase.registerPageTestcase@464bee09]" name="closingBrowserAndUpdateReport" is-config="true" duration-ms="666" started-at="2019-11-28T07:56:35Z" finished-at="2019-11-28T07:56:36Z">
          <params>
            <param index="0">
              <value>
                <![CDATA[[TestResult name=registration status=SUCCESS method=registerPageTestcase.registration(java.util.Map)[pri:0, instance:com.sampledemo.pagefactory.testcase.registerPageTestcase@464bee09] output={null}]]]>
              </value>
            </param>
          </params>
          <reporter-output>
          </reporter-output>
        </test-method> <!-- closingBrowserAndUpdateReport -->
      </class> <!-- com.sampledemo.pagefactory.testcase.registerPageTestcase -->
    </test> <!-- TestRegisterPage -->
    <test name="TestFlightFinderPage" duration-ms="62944" started-at="2019-11-28T02:26:36Z" finished-at="2019-11-28T02:27:39Z">
      <class name="com.sampledemo.pagefactory.testcase.flightFinderPageTestcase">
        <test-method status="PASS" signature="extentreportSetup()[pri:0, instance:com.sampledemo.pagefactory.testcase.flightFinderPageTestcase@14bf9759]" name="extentreportSetup" is-config="true" duration-ms="214" started-at="2019-11-28T07:54:00Z" finished-at="2019-11-28T07:54:00Z">
          <reporter-output>
          </reporter-output>
        </test-method> <!-- extentreportSetup -->
        <test-method status="PASS" signature="browserAndHomePagelanding()[pri:0, instance:com.sampledemo.pagefactory.testcase.flightFinderPageTestcase@14bf9759]" name="browserAndHomePagelanding" is-config="true" duration-ms="5028" started-at="2019-11-28T07:56:36Z" finished-at="2019-11-28T07:56:41Z">
          <reporter-output>
          </reporter-output>
        </test-method> <!-- browserAndHomePagelanding -->
        <test-method status="FAIL" signature="defaultValidation()[pri:1, instance:com.sampledemo.pagefactory.testcase.flightFinderPageTestcase@14bf9759]" name="defaultValidation" duration-ms="26094" started-at="2019-11-28T07:56:41Z" finished-at="2019-11-28T07:57:07Z">
          <exception class="java.lang.AssertionError">
            <message>
              <![CDATA[The following asserts failed:
	expected [true] but found [false]]]>
            </message>
            <full-stacktrace>
              <![CDATA[java.lang.AssertionError: The following asserts failed:
	expected [true] but found [false]
	at org.testng.asserts.SoftAssert.assertAll(SoftAssert.java:43)
	at com.sampledemo.pagefactory.testcase.flightFinderPageTestcase.defaultValidation(flightFinderPageTestcase.java:32)
	at sun.reflect.NativeMethodAccessorImpl.invoke0(Native Method)
	at sun.reflect.NativeMethodAccessorImpl.invoke(NativeMethodAccessorImpl.java:62)
	at sun.reflect.DelegatingMethodAccessorImpl.invoke(DelegatingMethodAccessorImpl.java:43)
	at java.lang.reflect.Method.invoke(Method.java:498)
	at org.testng.internal.MethodInvocationHelper.invokeMethod(MethodInvocationHelper.java:108)
	at org.testng.internal.Invoker.invokeMethod(Invoker.java:661)
	at org.testng.internal.Invoker.invokeTestMethod(Invoker.java:869)
	at org.testng.internal.Invoker.invokeTestMethods(Invoker.java:1193)
	at org.testng.internal.TestMethodWorker.invokeTestMethods(TestMethodWorker.java:126)
	at org.testng.internal.TestMethodWorker.run(TestMethodWorker.java:109)
	at org.testng.TestRunner.privateRun(TestRunner.java:744)
	at org.testng.TestRunner.run(TestRunner.java:602)
	at org.testng.SuiteRunner.runTest(SuiteRunner.java:380)
	at org.testng.SuiteRunner.runSequentially(SuiteRunner.java:375)
	at org.testng.SuiteRunner.privateRun(SuiteRunner.java:340)
	at org.testng.SuiteRunner.run(SuiteRunner.java:289)
	at org.testng.SuiteRunnerWorker.runSuite(SuiteRunnerWorker.java:52)
	at org.testng.SuiteRunnerWorker.run(SuiteRunnerWorker.java:86)
	at org.testng.TestNG.runSuitesSequentially(TestNG.java:1301)
	at org.testng.TestNG.runSuitesLocally(TestNG.java:1226)
	at org.testng.TestNG.runSuites(TestNG.java:1144)
	at org.testng.TestNG.run(TestNG.java:1115)
	at org.testng.remote.AbstractRemoteTestNG.run(AbstractRemoteTestNG.java:114)
	at org.testng.remote.RemoteTestNG.initAndRun(RemoteTestNG.java:251)
	at org.testng.remote.RemoteTestNG.main(RemoteTestNG.java:77)
]]>
            </full-stacktrace>
          </exception> <!-- java.lang.AssertionError -->
          <reporter-output>
          </reporter-output>
        </test-method> <!-- defaultValidation -->
        <test-method status="PASS" signature="closingBrowserAndUpdateReport(org.testng.ITestResult)[pri:0, instance:com.sampledemo.pagefactory.testcase.flightFinderPageTestcase@14bf9759]" name="closingBrowserAndUpdateReport" is-config="true" duration-ms="999" started-at="2019-11-28T07:57:07Z" finished-at="2019-11-28T07:57:08Z">
          <params>
            <param index="0">
              <value>
                <![CDATA[[TestResult name=defaultValidation status=FAILURE method=flightFinderPageTestcase.defaultValidation()[pri:1, instance:com.sampledemo.pagefactory.testcase.flightFinderPageTestcase@14bf9759] output={null}]]]>
              </value>
            </param>
          </params>
          <reporter-output>
          </reporter-output>
        </test-method> <!-- closingBrowserAndUpdateReport -->
        <test-method status="PASS" signature="browserAndHomePagelanding()[pri:0, instance:com.sampledemo.pagefactory.testcase.flightFinderPageTestcase@14bf9759]" name="browserAndHomePagelanding" is-config="true" duration-ms="5033" started-at="2019-11-28T07:57:08Z" finished-at="2019-11-28T07:57:13Z">
          <reporter-output>
          </reporter-output>
        </test-method> <!-- browserAndHomePagelanding -->
        <test-method status="PASS" signature="selection()[pri:2, instance:com.sampledemo.pagefactory.testcase.flightFinderPageTestcase@14bf9759]" name="selection" duration-ms="25148" started-at="2019-11-28T07:57:13Z" finished-at="2019-11-28T07:57:38Z">
          <reporter-output>
          </reporter-output>
        </test-method> <!-- selection -->
        <test-method status="PASS" signature="closingBrowserAndUpdateReport(org.testng.ITestResult)[pri:0, instance:com.sampledemo.pagefactory.testcase.flightFinderPageTestcase@14bf9759]" name="closingBrowserAndUpdateReport" is-config="true" duration-ms="637" started-at="2019-11-28T07:57:38Z" finished-at="2019-11-28T07:57:39Z">
          <params>
            <param index="0">
              <value>
                <![CDATA[[TestResult name=selection status=SUCCESS method=flightFinderPageTestcase.selection()[pri:2, instance:com.sampledemo.pagefactory.testcase.flightFinderPageTestcase@14bf9759] output={null}]]]>
              </value>
            </param>
          </params>
          <reporter-output>
          </reporter-output>
        </test-method> <!-- closingBrowserAndUpdateReport -->
        <test-method status="PASS" signature="endReport()[pri:0, instance:com.sampledemo.pagefactory.testcase.flightFinderPageTestcase@14bf9759]" name="endReport" is-config="true" duration-ms="466" started-at="2019-11-28T07:57:39Z" finished-at="2019-11-28T07:57:39Z">
          <reporter-output>
          </reporter-output>
        </test-method> <!-- endReport -->
      </class> <!-- com.sampledemo.pagefactory.testcase.flightFinderPageTestcase -->
    </test> <!-- TestFlightFinderPage -->
  </suite> <!-- Suite -->
</testng-results>
