<?xml version="1.0" encoding="UTF-8"?>
<!-- Generated by org.testng.reporters.JUnitXMLReporter -->
<testsuite hostname="HP-PC" ignored="0" name="TestFlightFinderPage" tests="2" failures="1" timestamp="28 Nov 2019 02:27:39 GMT" time="62.944" errors="0">
  <testcase name="defaultValidation" time="26.094" classname="com.sampledemo.pagefactory.testcase.flightFinderPageTestcase">
    <failure type="java.lang.AssertionError" message="The following asserts failed:
	expected [true] but found [false]">
      <![CDATA[java.lang.AssertionError: The following asserts failed:
	expected [true] but found [false]
	at com.sampledemo.pagefactory.testcase.flightFinderPageTestcase.defaultValidation(flightFinderPageTestcase.java:32)
... Removed 26 stack frames]]>
    </failure>
  </testcase> <!-- defaultValidation -->
  <testcase name="selection" time="25.148" classname="com.sampledemo.pagefactory.testcase.flightFinderPageTestcase"/>
</testsuite> <!-- TestFlightFinderPage -->
